C:\DOCUMENTS AND SETTINGS\ADMINISTRATOR\MY DOCUMENTS\VISUAL STUDIO 2010\PROJECTS\BOOSTSER\BOOSTSER\DEBUG\BOOSTSER.EXE.EMBED.MANIFEST
C:\DOCUMENTS AND SETTINGS\ADMINISTRATOR\MY DOCUMENTS\VISUAL STUDIO 2010\PROJECTS\BOOSTSER\BOOSTSER\DEBUG\BOOSTSER.EXE.EMBED.MANIFEST.RES
C:\DOCUMENTS AND SETTINGS\ADMINISTRATOR\MY DOCUMENTS\VISUAL STUDIO 2010\PROJECTS\BOOSTSER\BOOSTSER\DEBUG\BOOSTSER.EXE.INTERMEDIATE.MANIFEST
C:\Documents and Settings\Administrator\My Documents\Visual Studio 2010\Projects\BoostSer\BoostSer\Debug\BoostSer.write.1.tlog
C:\Documents and Settings\Administrator\My Documents\Visual Studio 2010\Projects\BoostSer\BoostSer\Debug\BoostSer_manifest.rc
C:\Documents and Settings\Administrator\My Documents\Visual Studio 2010\Projects\BoostSer\BoostSer\Debug\cl.command.1.tlog
C:\Documents and Settings\Administrator\My Documents\Visual Studio 2010\Projects\BoostSer\BoostSer\Debug\CL.read.1.tlog
C:\Documents and Settings\Administrator\My Documents\Visual Studio 2010\Projects\BoostSer\BoostSer\Debug\CL.write.1.tlog
C:\Documents and Settings\Administrator\My Documents\Visual Studio 2010\Projects\BoostSer\BoostSer\Debug\link.1520.read.1.tlog
C:\Documents and Settings\Administrator\My Documents\Visual Studio 2010\Projects\BoostSer\BoostSer\Debug\link.1520.write.1.tlog
C:\Documents and Settings\Administrator\My Documents\Visual Studio 2010\Projects\BoostSer\BoostSer\Debug\link.1520-cvtres.read.1.tlog
C:\Documents and Settings\Administrator\My Documents\Visual Studio 2010\Projects\BoostSer\BoostSer\Debug\link.1520-cvtres.write.1.tlog
C:\Documents and Settings\Administrator\My Documents\Visual Studio 2010\Projects\BoostSer\BoostSer\Debug\link.2264.read.1.tlog
C:\Documents and Settings\Administrator\My Documents\Visual Studio 2010\Projects\BoostSer\BoostSer\Debug\link.2264.write.1.tlog
C:\Documents and Settings\Administrator\My Documents\Visual Studio 2010\Projects\BoostSer\BoostSer\Debug\link.2264-cvtres.read.1.tlog
C:\Documents and Settings\Administrator\My Documents\Visual Studio 2010\Projects\BoostSer\BoostSer\Debug\link.2264-cvtres.write.1.tlog
C:\Documents and Settings\Administrator\My Documents\Visual Studio 2010\Projects\BoostSer\BoostSer\Debug\link.3176.read.1.tlog
C:\Documents and Settings\Administrator\My Documents\Visual Studio 2010\Projects\BoostSer\BoostSer\Debug\link.3176.write.1.tlog
C:\Documents and Settings\Administrator\My Documents\Visual Studio 2010\Projects\BoostSer\BoostSer\Debug\link.3176-cvtres.read.1.tlog
C:\Documents and Settings\Administrator\My Documents\Visual Studio 2010\Projects\BoostSer\BoostSer\Debug\link.3176-cvtres.write.1.tlog
C:\Documents and Settings\Administrator\My Documents\Visual Studio 2010\Projects\BoostSer\BoostSer\Debug\link.command.1.tlog
C:\Documents and Settings\Administrator\My Documents\Visual Studio 2010\Projects\BoostSer\BoostSer\Debug\link.read.1.tlog
C:\Documents and Settings\Administrator\My Documents\Visual Studio 2010\Projects\BoostSer\BoostSer\Debug\link.write.1.tlog
C:\Documents and Settings\Administrator\My Documents\Visual Studio 2010\Projects\BoostSer\BoostSer\Debug\link-cvtres.read.1.tlog
C:\Documents and Settings\Administrator\My Documents\Visual Studio 2010\Projects\BoostSer\BoostSer\Debug\link-cvtres.write.1.tlog
C:\Documents and Settings\Administrator\My Documents\Visual Studio 2010\Projects\BoostSer\BoostSer\Debug\mt.command.1.tlog
C:\Documents and Settings\Administrator\My Documents\Visual Studio 2010\Projects\BoostSer\BoostSer\Debug\mt.read.1.tlog
C:\Documents and Settings\Administrator\My Documents\Visual Studio 2010\Projects\BoostSer\BoostSer\Debug\mt.write.1.tlog
C:\Documents and Settings\Administrator\My Documents\Visual Studio 2010\Projects\BoostSer\BoostSer\Debug\rc.command.1.tlog
C:\Documents and Settings\Administrator\My Documents\Visual Studio 2010\Projects\BoostSer\BoostSer\Debug\rc.read.1.tlog
C:\Documents and Settings\Administrator\My Documents\Visual Studio 2010\Projects\BoostSer\BoostSer\Debug\rc.write.1.tlog
C:\DOCUMENTS AND SETTINGS\ADMINISTRATOR\MY DOCUMENTS\VISUAL STUDIO 2010\PROJECTS\BOOSTSER\BOOSTSER\DEBUG\SOURCE1.OBJ
C:\Documents and Settings\Administrator\My Documents\Visual Studio 2010\Projects\BoostSer\BoostSer\Debug\vc100.idb
C:\DOCUMENTS AND SETTINGS\ADMINISTRATOR\MY DOCUMENTS\VISUAL STUDIO 2010\PROJECTS\BOOSTSER\BOOSTSER\DEBUG\VC100.PDB
C:\DOCUMENTS AND SETTINGS\ADMINISTRATOR\MY DOCUMENTS\VISUAL STUDIO 2010\PROJECTS\BOOSTSER\DEBUG\BOOSTSER.EXE
c:\documents and settings\administrator\my documents\visual studio 2010\Projects\BoostSer\Debug\BoostSer.exp
C:\DOCUMENTS AND SETTINGS\ADMINISTRATOR\MY DOCUMENTS\VISUAL STUDIO 2010\PROJECTS\BOOSTSER\DEBUG\BOOSTSER.ILK
c:\documents and settings\administrator\my documents\visual studio 2010\Projects\BoostSer\Debug\BoostSer.lib
C:\DOCUMENTS AND SETTINGS\ADMINISTRATOR\MY DOCUMENTS\VISUAL STUDIO 2010\PROJECTS\BOOSTSER\DEBUG\BOOSTSER.PDB
